Arguments: 
  C:\Program Files\nodejs\node.exe C:\Users\96004\AppData\Roaming\npm\node_modules\yarn\bin\yarn.js add less --dev

PATH: 
  C:\Windows\system32;C:\Windows;C:\Windows\System32\Wbem;C:\Windows\System32\WindowsPowerShell\v1.0\;C:\Program Files (x86)\NVIDIA Corporation\PhysX\Common;C:\Program Files\Intel\WiFi\bin\;C:\Program Files\Common Files\Intel\WirelessCommon\;C:\WINDOWS\system32;C:\WINDOWS;C:\WINDOWS\System32\Wbem;C:\WINDOWS\System32\WindowsPowerShell\v1.0\;C:\Program Files\nodejs\;C:\Program Files\Git\cmd;C:\Users\96004\AppData\Roaming\npm;C:\Program Files (x86)\Git\cmd;C:\Program Files (x86)\Git\mingw32\bin;C:\Program Files (x86)\Git\usr\bin;C:\Program Files\JetBrains\WebStorm 2017.1.4\bin;C:\Users\96004\AppData\Local\Microsoft\WindowsApps

Yarn version: 
  0.24.5

Node version: 
  8.1.2

Platform: 
  win32 x64

npm manifest: 
  {
    "name": "4npm",
    "version": "1.0.0",
    "description": "",
    "main": "index.js",
    "scripts": {
      "test": "echo \"Error: no test specified\" && exit 1"
    },
    "author": "",
    "license": "ISC",
    "devDependencies": {},
    "dependencies": {
      "jquery": "^3.2.1",
      "vue": "^2.3.4"
    }
  }

yarn manifest: 
  No manifest

Lockfile: 
  No lockfile

Trace: 
  Error: connect ETIMEDOUT 114.55.80.225:80
      at Object.exports._errnoException (util.js:1016:11)
      at exports._exceptionWithHostPort (util.js:1039:20)
      at TCPConnectWrap.afterConnect [as oncomplete] (net.js:1138:14)
